<?xml version="1.0" encoding="UTF-8"?>
<!-- Generated by org.testng.reporters.JUnitReportReporter -->
<testsuite hostname="jvanus" failures="0" tests="1" name="com.example.SearchTest" time="12.205" errors="0" timestamp="19 říj 2022 13:32:13 GMT" skipped="0">
  <testcase classname="com.example.SearchTest" name="searchProduct" time="12.205"/>
</testsuite> <!-- com.example.SearchTest -->
