<?xml version="1.0" encoding="UTF-8"?>
<!-- Generated by org.testng.reporters.JUnitReportReporter -->
<testsuite hostname="jvanus" failures="0" tests="1" name="com.example.NavigationTest" time="8.651" errors="0" timestamp="18 říj 2022 22:59:48 GMT" skipped="0">
  <testcase classname="com.example.NavigationTest" name="navigateToAUrl" time="8.651"/>
</testsuite> <!-- com.example.NavigationTest -->
